Vivado Simulator 2016.4
Copyright 1986-1999, 2001-2016 Xilinx, Inc. All Rights Reserved.
Running: C:/Xilinx/Vivado/2016.4/bin/unwrapped/win64.o/xelab.exe -wto c15dd3b4c06d45c5a6a71d572676da02 --debug typical --relax --mt 2 -L xil_defaultlib -L secureip -L xpm --snapshot simulazioneADC_BRIDGE_behav xil_defaultlib.simulazioneADC_BRIDGE -log elaborate.log 
Using 2 slave threads.
Starting static elaboration
Completed static elaboration
Starting simulation data flow analysis
Completed simulation data flow analysis
Time Resolution for simulation is 1ps
Compiling package std.standard
Compiling package std.textio
Compiling package ieee.std_logic_1164
Compiling package ieee.numeric_std
Compiling package ieee.std_logic_arith
Compiling package ieee.std_logic_unsigned
Compiling package ieee.math_real
Compiling package unisim.vcomponents
Compiling package ieee.std_logic_signed
Compiling package ieee.vital_timing
Compiling package ieee.vital_primitives
Compiling package unisim.vpkg
Compiling package ieee.std_logic_textio
Compiling architecture ibuf_v of entity unisim.IBUF [\IBUF(1,9,1,1,1,4,1,7)\]
Compiling architecture bufg_v of entity unisim.BUFG [bufg_default]
Compiling architecture mmcme2_adv_v of entity unisim.MMCME2_ADV [\MMCME2_ADV(clkfbout_mult_f=16.0...]
Compiling architecture structure of entity xil_defaultlib.clock_generator_clock_generator_clk_wiz [clock_generator_clock_generator_...]
Compiling architecture structure of entity xil_defaultlib.clock_generator [clock_generator_default]
Compiling architecture behavioral of entity xil_defaultlib.PIPO_shift [pipo_shift_default]
Compiling architecture behavioral of entity xil_defaultlib.command_block [command_block_default]
Compiling architecture mmcme2_adv_v of entity unisim.MMCME2_ADV [\MMCME2_ADV(clkfbout_mult_f=17.0...]
Compiling architecture structure of entity xil_defaultlib.ftdi_clock_gen_ftdi_clock_gen_clk_wiz [ftdi_clock_gen_ftdi_clock_gen_cl...]
Compiling architecture structure of entity xil_defaultlib.ftdi_clock_gen [ftdi_clock_gen_default]
Compiling architecture obuf_v of entity unisim.OBUF [\OBUF(1,9,1,7,1,4)\]
Compiling architecture iobuf_v of entity unisim.IOBUF [\IOBUF(iostandard="LVCMOS33")(1,...]
Compiling architecture behavioral of entity xil_defaultlib.utility [utility_default]
Compiling architecture behavioral of entity xil_defaultlib.transmitter_fsm [transmitter_fsm_default]
Compiling architecture behavioral of entity xil_defaultlib.receiver_fsm [receiver_fsm_default]
Compiling architecture behavioral of entity xil_defaultlib.arbiter [arbiter_default]
Compiling architecture gnd_v of entity unisim.GND [gnd_default]
Compiling architecture vcc_v of entity unisim.VCC [vcc_default]
Compiling architecture lut4_v of entity unisim.LUT4 [\LUT4(init="1001000000001001")(0...]
Compiling architecture fdce_v of entity unisim.FDCE [fdce_default]
Compiling architecture structure of entity xil_defaultlib.\receiver_FIFO_synchronizer_ff__parameterized0\ [\receiver_FIFO_synchronizer_ff__...]
Compiling architecture structure of entity xil_defaultlib.\receiver_FIFO_synchronizer_ff__parameterized1\ [\receiver_FIFO_synchronizer_ff__...]
Compiling architecture lut5_v of entity unisim.LUT5 [\LUT5(init="10010110011010010110...]
Compiling architecture lut3_v of entity unisim.LUT3 [\LUT3(init="10010110")(0,7)\]
Compiling architecture lut6_v of entity unisim.LUT6 [\LUT6(init="01101001100101101001...]
Compiling architecture lut4_v of entity unisim.LUT4 [\LUT4(init="0110100110010110")(0...]
Compiling architecture lut2_v of entity unisim.LUT2 [\LUT2(init="0110")(0,3)\]
Compiling architecture structure of entity xil_defaultlib.\receiver_FIFO_synchronizer_ff__parameterized2\ [\receiver_FIFO_synchronizer_ff__...]
Compiling architecture structure of entity xil_defaultlib.\receiver_FIFO_synchronizer_ff__parameterized3\ [\receiver_FIFO_synchronizer_ff__...]
Compiling architecture structure of entity xil_defaultlib.receiver_FIFO_clk_x_pntrs [receiver_fifo_clk_x_pntrs_defaul...]
Compiling architecture carry4_v of entity unisim.CARRY4 [carry4_default]
Compiling architecture lut4_v of entity unisim.LUT4 [\LUT4(init="1010111010101010")(0...]
Compiling architecture structure of entity xil_defaultlib.receiver_FIFO_compare_5 [receiver_fifo_compare_5_default]
Compiling architecture structure of entity xil_defaultlib.receiver_FIFO_compare_6 [receiver_fifo_compare_6_default]
Compiling architecture lut2_v of entity unisim.LUT2 [\LUT2(init="0010")(0,3)\]
Compiling architecture fdpe_v of entity unisim.FDPE [fdpe_default]
Compiling architecture structure of entity xil_defaultlib.receiver_FIFO_rd_status_flags_as [receiver_fifo_rd_status_flags_as...]
Compiling architecture lut1_v of entity unisim.LUT1 [\LUT1(init="0001")(0,3)\]
Compiling architecture lut3_v of entity unisim.LUT3 [\LUT3(init="01111000")(0,7)\]
Compiling architecture lut4_v of entity unisim.LUT4 [\LUT4(init="0111111110000000")(0...]
Compiling architecture lut5_v of entity unisim.LUT5 [\LUT5(init="01111111111111111000...]
Compiling architecture lut6_v of entity unisim.LUT6 [\LUT6(init="01111111111111111111...]
Compiling architecture lut6_v of entity unisim.LUT6 [\LUT6(init="10000000000000000000...]
Compiling architecture structure of entity xil_defaultlib.receiver_FIFO_rd_bin_cntr [receiver_fifo_rd_bin_cntr_defaul...]
Compiling architecture structure of entity xil_defaultlib.receiver_FIFO_rd_logic [receiver_fifo_rd_logic_default]
Compiling architecture structure of entity xil_defaultlib.receiver_FIFO_compare [receiver_fifo_compare_default]
Compiling architecture lut5_v of entity unisim.LUT5 [\LUT5(init="00000000000000001111...]
Compiling architecture structure of entity xil_defaultlib.receiver_FIFO_compare_3 [receiver_fifo_compare_3_default]
Compiling architecture lut6_v of entity unisim.LUT6 [\LUT6(init="00000000111111110000...]
Compiling architecture structure of entity xil_defaultlib.receiver_FIFO_compare_4 [receiver_fifo_compare_4_default]
Compiling architecture structure of entity xil_defaultlib.receiver_FIFO_wr_status_flags_as [receiver_fifo_wr_status_flags_as...]
Compiling architecture structure of entity xil_defaultlib.receiver_FIFO_wr_bin_cntr [receiver_fifo_wr_bin_cntr_defaul...]
Compiling architecture structure of entity xil_defaultlib.receiver_FIFO_wr_logic [receiver_fifo_wr_logic_default]
Compiling architecture rb18_internal_vhdl_v of entity unisim.RB18_INTERNAL_VHDL [\RB18_INTERNAL_VHDL(bram_size=18...]
Compiling architecture ramb18e1_v of entity unisim.RAMB18E1 [\RAMB18E1(read_width_a=18,read_w...]
Compiling architecture structure of entity xil_defaultlib.receiver_FIFO_blk_mem_gen_prim_wrapper [receiver_fifo_blk_mem_gen_prim_w...]
Compiling architecture structure of entity xil_defaultlib.receiver_FIFO_blk_mem_gen_prim_width [receiver_fifo_blk_mem_gen_prim_w...]
Compiling architecture structure of entity xil_defaultlib.receiver_FIFO_blk_mem_gen_generic_cstr [receiver_fifo_blk_mem_gen_generi...]
Compiling architecture structure of entity xil_defaultlib.receiver_FIFO_blk_mem_gen_top [receiver_fifo_blk_mem_gen_top_de...]
Compiling architecture structure of entity xil_defaultlib.receiver_FIFO_blk_mem_gen_v8_3_5_synth [receiver_fifo_blk_mem_gen_v8_3_5...]
Compiling architecture structure of entity xil_defaultlib.receiver_FIFO_blk_mem_gen_v8_3_5 [receiver_fifo_blk_mem_gen_v8_3_5...]
Compiling architecture structure of entity xil_defaultlib.receiver_FIFO_memory [receiver_fifo_memory_default]
Compiling architecture lut3_v of entity unisim.LUT3 [\LUT3(init="10111010")(0,7)\]
Compiling architecture fdre_v of entity unisim.FDRE [fdre_default]
Compiling architecture structure of entity xil_defaultlib.receiver_FIFO_synchronizer_ff [receiver_fifo_synchronizer_ff_de...]
Compiling architecture structure of entity xil_defaultlib.receiver_FIFO_synchronizer_ff_0 [receiver_fifo_synchronizer_ff_0_...]
Compiling architecture structure of entity xil_defaultlib.receiver_FIFO_synchronizer_ff_1 [receiver_fifo_synchronizer_ff_1_...]
Compiling architecture structure of entity xil_defaultlib.receiver_FIFO_synchronizer_ff_2 [receiver_fifo_synchronizer_ff_2_...]
Compiling architecture fdpe_v of entity unisim.FDPE [\FDPE(init='0')\]
Compiling architecture structure of entity xil_defaultlib.receiver_FIFO_reset_blk_ramfifo [receiver_fifo_reset_blk_ramfifo_...]
Compiling architecture structure of entity xil_defaultlib.receiver_FIFO_fifo_generator_ramfifo [receiver_fifo_fifo_generator_ram...]
Compiling architecture structure of entity xil_defaultlib.receiver_FIFO_fifo_generator_top [receiver_fifo_fifo_generator_top...]
Compiling architecture structure of entity xil_defaultlib.receiver_FIFO_fifo_generator_v13_1_3_synth [receiver_fifo_fifo_generator_v13...]
Compiling architecture structure of entity xil_defaultlib.receiver_FIFO_fifo_generator_v13_1_3 [receiver_fifo_fifo_generator_v13...]
Compiling architecture structure of entity xil_defaultlib.receiver_FIFO [receiver_fifo_default]
Compiling architecture structure of entity xil_defaultlib.\transmitter_fifo_synchronizer_ff__parameterized0\ [\transmitter_fifo_synchronizer_f...]
Compiling architecture structure of entity xil_defaultlib.\transmitter_fifo_synchronizer_ff__parameterized1\ [\transmitter_fifo_synchronizer_f...]
Compiling architecture structure of entity xil_defaultlib.\transmitter_fifo_synchronizer_ff__parameterized2\ [\transmitter_fifo_synchronizer_f...]
Compiling architecture structure of entity xil_defaultlib.\transmitter_fifo_synchronizer_ff__parameterized3\ [\transmitter_fifo_synchronizer_f...]
Compiling architecture structure of entity xil_defaultlib.transmitter_fifo_clk_x_pntrs [transmitter_fifo_clk_x_pntrs_def...]
Compiling architecture lut5_v of entity unisim.LUT5 [\LUT5(init="10111010101110111011...]
Compiling architecture lut5_v of entity unisim.LUT5 [\LUT5(init="11101110111111011000...]
Compiling architecture lut4_v of entity unisim.LUT4 [\LUT4(init="1111001100100000")(0...]
Compiling architecture lut4_v of entity unisim.LUT4 [\LUT4(init="0000000010111111")(0...]
Compiling architecture lut3_v of entity unisim.LUT3 [\LUT3(init="10100010")(0,7)\]
Compiling architecture lut4_v of entity unisim.LUT4 [\LUT4(init="0010000011111111")(0...]
Compiling architecture structure of entity xil_defaultlib.transmitter_fifo_rd_fwft [transmitter_fifo_rd_fwft_default]
Compiling architecture lut6_v of entity unisim.LUT6 [\LUT6(init="10101010101010101110...]
Compiling architecture structure of entity xil_defaultlib.transmitter_fifo_compare_5 [transmitter_fifo_compare_5_defau...]
Compiling architecture structure of entity xil_defaultlib.transmitter_fifo_compare_6 [transmitter_fifo_compare_6_defau...]
Compiling architecture structure of entity xil_defaultlib.transmitter_fifo_rd_status_flags_as [transmitter_fifo_rd_status_flags...]
Compiling architecture structure of entity xil_defaultlib.transmitter_fifo_rd_bin_cntr [transmitter_fifo_rd_bin_cntr_def...]
Compiling architecture structure of entity xil_defaultlib.transmitter_fifo_rd_logic [transmitter_fifo_rd_logic_defaul...]
Compiling architecture structure of entity xil_defaultlib.transmitter_fifo_compare [transmitter_fifo_compare_default]
Compiling architecture structure of entity xil_defaultlib.transmitter_fifo_compare_3 [transmitter_fifo_compare_3_defau...]
Compiling architecture structure of entity xil_defaultlib.transmitter_fifo_compare_4 [transmitter_fifo_compare_4_defau...]
Compiling architecture structure of entity xil_defaultlib.transmitter_fifo_wr_status_flags_as [transmitter_fifo_wr_status_flags...]
Compiling architecture structure of entity xil_defaultlib.transmitter_fifo_wr_bin_cntr [transmitter_fifo_wr_bin_cntr_def...]
Compiling architecture structure of entity xil_defaultlib.transmitter_fifo_wr_logic [transmitter_fifo_wr_logic_defaul...]
Compiling architecture structure of entity xil_defaultlib.transmitter_fifo_blk_mem_gen_prim_wrapper [transmitter_fifo_blk_mem_gen_pri...]
Compiling architecture structure of entity xil_defaultlib.transmitter_fifo_blk_mem_gen_prim_width [transmitter_fifo_blk_mem_gen_pri...]
Compiling architecture structure of entity xil_defaultlib.transmitter_fifo_blk_mem_gen_generic_cstr [transmitter_fifo_blk_mem_gen_gen...]
Compiling architecture structure of entity xil_defaultlib.transmitter_fifo_blk_mem_gen_top [transmitter_fifo_blk_mem_gen_top...]
Compiling architecture structure of entity xil_defaultlib.transmitter_fifo_blk_mem_gen_v8_3_5_synth [transmitter_fifo_blk_mem_gen_v8_...]
Compiling architecture structure of entity xil_defaultlib.transmitter_fifo_blk_mem_gen_v8_3_5 [transmitter_fifo_blk_mem_gen_v8_...]
Compiling architecture structure of entity xil_defaultlib.transmitter_fifo_memory [transmitter_fifo_memory_default]
Compiling architecture structure of entity xil_defaultlib.transmitter_fifo_synchronizer_ff [transmitter_fifo_synchronizer_ff...]
Compiling architecture structure of entity xil_defaultlib.transmitter_fifo_synchronizer_ff_0 [transmitter_fifo_synchronizer_ff...]
Compiling architecture structure of entity xil_defaultlib.transmitter_fifo_synchronizer_ff_1 [transmitter_fifo_synchronizer_ff...]
Compiling architecture structure of entity xil_defaultlib.transmitter_fifo_synchronizer_ff_2 [transmitter_fifo_synchronizer_ff...]
Compiling architecture structure of entity xil_defaultlib.transmitter_fifo_reset_blk_ramfifo [transmitter_fifo_reset_blk_ramfi...]
Compiling architecture structure of entity xil_defaultlib.transmitter_fifo_fifo_generator_ramfifo [transmitter_fifo_fifo_generator_...]
Compiling architecture structure of entity xil_defaultlib.transmitter_fifo_fifo_generator_top [transmitter_fifo_fifo_generator_...]
Compiling architecture structure of entity xil_defaultlib.transmitter_fifo_fifo_generator_v13_1_3_synth [transmitter_fifo_fifo_generator_...]
Compiling architecture structure of entity xil_defaultlib.transmitter_fifo_fifo_generator_v13_1_3 [transmitter_fifo_fifo_generator_...]
Compiling architecture structure of entity xil_defaultlib.transmitter_fifo [transmitter_fifo_default]
Compiling architecture behavioral of entity xil_defaultlib.usb_fpga_bridge [usb_fpga_bridge_default]
Compiling architecture behavioral of entity xil_defaultlib.axel_adc [axel_adc_default]
Compiling architecture behavioral of entity xil_defaultlib.ADC_BRIDGE [adc_bridge_default]
Compiling architecture behavioral of entity xil_defaultlib.simulazioneadc_bridge
Built simulation snapshot simulazioneADC_BRIDGE_behav
