#-----------------------------------------------------------
# Vivado v2016.4 (64-bit)
# SW Build 1756540 on Mon Jan 23 19:11:23 MST 2017
# IP Build 1755317 on Mon Jan 23 20:30:07 MST 2017
# Start of session at: Tue Nov 07 16:57:10 2017
# Process ID: 1176
# Current directory: C:/Users/Tesista/Desktop/vivado projects/fix_7_novembre
# Command line: vivado.exe -gui_launcher_event rodinguilauncherevent1168 C:\Users\Tesista\Desktop\vivado projects\fix_7_novembre\fix_7_novembre.xpr
# Log file: C:/Users/Tesista/Desktop/vivado projects/fix_7_novembre/vivado.log
# Journal file: C:/Users/Tesista/Desktop/vivado projects/fix_7_novembre\vivado.jou
#-----------------------------------------------------------
start_gui
open_project {C:/Users/Tesista/Desktop/vivado projects/fix_7_novembre/fix_7_novembre.xpr}
Scanning sources...
Finished scanning sources
INFO: [IP_Flow 19-234] Refreshing IP repositories
INFO: [IP_Flow 19-1704] No user IP repositories specified
INFO: [IP_Flow 19-2313] Loaded Vivado IP repository 'C:/Xilinx/Vivado/2016.4/data/ip'.
open_project: Time (s): cpu = 00:00:11 ; elapsed = 00:00:05 . Memory (MB): peak = 756.484 ; gain = 101.734
exit
INFO: [Common 17-206] Exiting Vivado at Tue Nov 07 18:39:11 2017...
